<?xml version="1.0" encoding="UTF-8"?>
<testsuite xmlns:xsi="http://www.w3.org/2001/XMLSchema-instance" xsi:noNamespaceSchemaLocation="https://maven.apache.org/surefire/maven-surefire-plugin/xsd/surefire-test-report-3.0.xsd" version="3.0" name="TestSuite" time="2.648" tests="3" errors="0" skipped="0" failures="0">
  <properties>
    <property name="java.specification.version" value="23"/>
    <property name="sun.jnu.encoding" value="UTF-8"/>
    <property name="java.class.path" value="/Users/esraaazzam/Documents/Tasks/Cysheild-Task/API-Framework/target/test-classes:/Users/esraaazzam/Documents/Tasks/Cysheild-Task/API-Framework/target/classes:/Users/esraaazzam/.m2/repository/io/rest-assured/rest-assured/5.3.0/rest-assured-5.3.0.jar:/Users/esraaazzam/.m2/repository/org/apache/groovy/groovy/4.0.6/groovy-4.0.6.jar:/Users/esraaazzam/.m2/repository/org/apache/groovy/groovy-xml/4.0.6/groovy-xml-4.0.6.jar:/Users/esraaazzam/.m2/repository/org/apache/httpcomponents/httpclient/4.5.13/httpclient-4.5.13.jar:/Users/esraaazzam/.m2/repository/org/apache/httpcomponents/httpcore/4.4.13/httpcore-4.4.13.jar:/Users/esraaazzam/.m2/repository/commons-logging/commons-logging/1.2/commons-logging-1.2.jar:/Users/esraaazzam/.m2/repository/commons-codec/commons-codec/1.11/commons-codec-1.11.jar:/Users/esraaazzam/.m2/repository/org/apache/httpcomponents/httpmime/4.5.13/httpmime-4.5.13.jar:/Users/esraaazzam/.m2/repository/org/hamcrest/hamcrest/2.1/hamcrest-2.1.jar:/Users/esraaazzam/.m2/repository/org/ccil/cowan/tagsoup/tagsoup/1.2.1/tagsoup-1.2.1.jar:/Users/esraaazzam/.m2/repository/io/rest-assured/json-path/5.3.0/json-path-5.3.0.jar:/Users/esraaazzam/.m2/repository/org/apache/groovy/groovy-json/4.0.6/groovy-json-4.0.6.jar:/Users/esraaazzam/.m2/repository/io/rest-assured/rest-assured-common/5.3.0/rest-assured-common-5.3.0.jar:/Users/esraaazzam/.m2/repository/io/rest-assured/xml-path/5.3.0/xml-path-5.3.0.jar:/Users/esraaazzam/.m2/repository/org/apache/commons/commons-lang3/3.11/commons-lang3-3.11.jar:/Users/esraaazzam/.m2/repository/org/testng/testng/7.7.0/testng-7.7.0.jar:/Users/esraaazzam/.m2/repository/org/slf4j/slf4j-api/1.7.36/slf4j-api-1.7.36.jar:/Users/esraaazzam/.m2/repository/com/beust/jcommander/1.82/jcommander-1.82.jar:/Users/esraaazzam/.m2/repository/org/webjars/jquery/3.6.1/jquery-3.6.1.jar:/Users/esraaazzam/.m2/repository/io/qameta/allure/allure-testng/2.21.0/allure-testng-2.21.0.jar:/Users/esraaazzam/.m2/repository/io/qameta/allure/allure-java-commons/2.21.0/allure-java-commons-2.21.0.jar:/Users/esraaazzam/.m2/repository/io/qameta/allure/allure-model/2.21.0/allure-model-2.21.0.jar:/Users/esraaazzam/.m2/repository/io/qameta/allure/allure-test-filter/2.21.0/allure-test-filter-2.21.0.jar:"/>
    <property name="java.vm.vendor" value="Homebrew"/>
    <property name="sun.arch.data.model" value="64"/>
    <property name="java.vendor.url" value="https://github.com/Homebrew/homebrew-core/issues"/>
    <property name="user.timezone" value="Africa/Cairo"/>
    <property name="os.name" value="Mac OS X"/>
    <property name="java.vm.specification.version" value="23"/>
    <property name="sun.java.launcher" value="SUN_STANDARD"/>
    <property name="user.country" value="EG"/>
    <property name="sun.boot.library.path" value="/opt/homebrew/Cellar/openjdk/23/libexec/openjdk.jdk/Contents/Home/lib"/>
    <property name="sun.java.command" value="/Users/esraaazzam/Documents/Tasks/Cysheild-Task/API-Framework/target/surefire/surefirebooter-20241002211634450_3.jar /Users/esraaazzam/Documents/Tasks/Cysheild-Task/API-Framework/target/surefire 2024-10-02T21-16-34_409-jvmRun1 surefire-20241002211634450_1tmp surefire_0-20241002211634450_2tmp"/>
    <property name="http.nonProxyHosts" value="local|*.local|169.254/16|*.169.254/16"/>
    <property name="jdk.debug" value="release"/>
    <property name="surefire.test.class.path" value="/Users/esraaazzam/Documents/Tasks/Cysheild-Task/API-Framework/target/test-classes:/Users/esraaazzam/Documents/Tasks/Cysheild-Task/API-Framework/target/classes:/Users/esraaazzam/.m2/repository/io/rest-assured/rest-assured/5.3.0/rest-assured-5.3.0.jar:/Users/esraaazzam/.m2/repository/org/apache/groovy/groovy/4.0.6/groovy-4.0.6.jar:/Users/esraaazzam/.m2/repository/org/apache/groovy/groovy-xml/4.0.6/groovy-xml-4.0.6.jar:/Users/esraaazzam/.m2/repository/org/apache/httpcomponents/httpclient/4.5.13/httpclient-4.5.13.jar:/Users/esraaazzam/.m2/repository/org/apache/httpcomponents/httpcore/4.4.13/httpcore-4.4.13.jar:/Users/esraaazzam/.m2/repository/commons-logging/commons-logging/1.2/commons-logging-1.2.jar:/Users/esraaazzam/.m2/repository/commons-codec/commons-codec/1.11/commons-codec-1.11.jar:/Users/esraaazzam/.m2/repository/org/apache/httpcomponents/httpmime/4.5.13/httpmime-4.5.13.jar:/Users/esraaazzam/.m2/repository/org/hamcrest/hamcrest/2.1/hamcrest-2.1.jar:/Users/esraaazzam/.m2/repository/org/ccil/cowan/tagsoup/tagsoup/1.2.1/tagsoup-1.2.1.jar:/Users/esraaazzam/.m2/repository/io/rest-assured/json-path/5.3.0/json-path-5.3.0.jar:/Users/esraaazzam/.m2/repository/org/apache/groovy/groovy-json/4.0.6/groovy-json-4.0.6.jar:/Users/esraaazzam/.m2/repository/io/rest-assured/rest-assured-common/5.3.0/rest-assured-common-5.3.0.jar:/Users/esraaazzam/.m2/repository/io/rest-assured/xml-path/5.3.0/xml-path-5.3.0.jar:/Users/esraaazzam/.m2/repository/org/apache/commons/commons-lang3/3.11/commons-lang3-3.11.jar:/Users/esraaazzam/.m2/repository/org/testng/testng/7.7.0/testng-7.7.0.jar:/Users/esraaazzam/.m2/repository/org/slf4j/slf4j-api/1.7.36/slf4j-api-1.7.36.jar:/Users/esraaazzam/.m2/repository/com/beust/jcommander/1.82/jcommander-1.82.jar:/Users/esraaazzam/.m2/repository/org/webjars/jquery/3.6.1/jquery-3.6.1.jar:/Users/esraaazzam/.m2/repository/io/qameta/allure/allure-testng/2.21.0/allure-testng-2.21.0.jar:/Users/esraaazzam/.m2/repository/io/qameta/allure/allure-java-commons/2.21.0/allure-java-commons-2.21.0.jar:/Users/esraaazzam/.m2/repository/io/qameta/allure/allure-model/2.21.0/allure-model-2.21.0.jar:/Users/esraaazzam/.m2/repository/io/qameta/allure/allure-test-filter/2.21.0/allure-test-filter-2.21.0.jar:"/>
    <property name="sun.cpu.endian" value="little"/>
    <property name="user.home" value="/Users/esraaazzam"/>
    <property name="user.language" value="en"/>
    <property name="java.specification.vendor" value="Oracle Corporation"/>
    <property name="java.version.date" value="2024-09-17"/>
    <property name="java.home" value="/opt/homebrew/Cellar/openjdk/23/libexec/openjdk.jdk/Contents/Home"/>
    <property name="file.separator" value="/"/>
    <property name="basedir" value="/Users/esraaazzam/Documents/Tasks/Cysheild-Task/API-Framework"/>
    <property name="java.vm.compressedOopsMode" value="Zero based"/>
    <property name="line.separator" value="&#10;"/>
    <property name="java.vm.specification.vendor" value="Oracle Corporation"/>
    <property name="java.specification.name" value="Java Platform API Specification"/>
    <property name="apple.awt.application.name" value="ForkedBooter"/>
    <property name="surefire.real.class.path" value="/Users/esraaazzam/Documents/Tasks/Cysheild-Task/API-Framework/target/surefire/surefirebooter-20241002211634450_3.jar"/>
    <property name="sun.management.compiler" value="HotSpot 64-Bit Tiered Compilers"/>
    <property name="ftp.nonProxyHosts" value="local|*.local|169.254/16|*.169.254/16"/>
    <property name="java.runtime.version" value="23"/>
    <property name="user.name" value="esraaazzam"/>
    <property name="stdout.encoding" value="UTF-8"/>
    <property name="path.separator" value=":"/>
    <property name="os.version" value="14.6.1"/>
    <property name="java.runtime.name" value="OpenJDK Runtime Environment"/>
    <property name="file.encoding" value="UTF-8"/>
    <property name="java.vm.name" value="OpenJDK 64-Bit Server VM"/>
    <property name="java.vendor.version" value="Homebrew"/>
    <property name="localRepository" value="/Users/esraaazzam/.m2/repository"/>
    <property name="java.vendor.url.bug" value="https://github.com/Homebrew/homebrew-core/issues"/>
    <property name="java.io.tmpdir" value="/var/folders/19/f_cbb5b50ll_8r5w70c038240000gn/T/"/>
    <property name="java.version" value="23"/>
    <property name="user.dir" value="/Users/esraaazzam/Documents/Tasks/Cysheild-Task/API-Framework"/>
    <property name="os.arch" value="aarch64"/>
    <property name="java.vm.specification.name" value="Java Virtual Machine Specification"/>
    <property name="native.encoding" value="UTF-8"/>
    <property name="java.library.path" value="/Users/esraaazzam/Library/Java/Extensions:/Library/Java/Extensions:/Network/Library/Java/Extensions:/System/Library/Java/Extensions:/usr/lib/java:."/>
    <property name="java.vm.info" value="mixed mode, sharing"/>
    <property name="stderr.encoding" value="UTF-8"/>
    <property name="java.vendor" value="Homebrew"/>
    <property name="java.vm.version" value="23"/>
    <property name="sun.io.unicode.encoding" value="UnicodeBig"/>
    <property name="socksNonProxyHosts" value="local|*.local|169.254/16|*.169.254/16"/>
    <property name="java.class.version" value="67.0"/>
  </properties>
  <testcase name="testCreateUser" classname="com.demo.tests.ApiTests" time="1.23">
    <system-err><![CDATA[SLF4J: Failed to load class "org.slf4j.impl.StaticLoggerBinder".
SLF4J: Defaulting to no-operation (NOP) logger implementation
SLF4J: See http://www.slf4j.org/codes.html#StaticLoggerBinder for further details.
]]></system-err>
  </testcase>
  <testcase name="testListUsers" classname="com.demo.tests.ApiTests" time="0.472"/>
  <testcase name="testUpdateUser" classname="com.demo.tests.ApiTests" time="0.522"/>
</testsuite>