<?xml version="1.0" encoding="UTF-8"?>
<!-- Generated by org.testng.reporters.JUnitReportReporter -->
<testsuite hostname="EsRaas-MacBook-Air.local" failures="0" tests="3" name="com.demo.tests.ApiTests" time="2.196" errors="0" timestamp="2024-10-02T21:16:37 EEST" skipped="0">
  <testcase classname="com.demo.tests.ApiTests" name="testListUsers" time="0.475"/>
  <system-out/>
  <testcase classname="com.demo.tests.ApiTests" name="testCreateUser" time="1.200"/>
  <system-out/>
  <testcase classname="com.demo.tests.ApiTests" name="testUpdateUser" time="0.521"/>
  <system-out/>
</testsuite> <!-- com.demo.tests.ApiTests -->
